<?xml version="1.0" encoding="UTF-8"?>
<testsuites name="Order and check out multiple products" time="105.185" tests="1" failures="0" errors="0">
   <testsuite name="Order and check out multiple products" tests="1" failures="0" errors="0" time="105.185" skipped="0" timestamp="2022-07-21 13:15:46" hostname="Nachiket Jadhav - ALM-IN-LPT-059" id="Test Suites/Data-driven/Order and check out multiple products">
      <properties>
         <property name="deviceName" value=""/>
         <property name="devicePlatform" value=""/>
         <property name="logFolder" value="C:\\Users\\Nachiketh Jadhav\\Katalon Studio\\Nachiket Shopping Automation\\Reports\\20220721_131533\\Data-driven\\Order and check out multiple products\\20220721_131534"/>
         <property name="logFiles" value="C:\\Users\\Nachiketh Jadhav\\Katalon Studio\\Nachiket Shopping Automation\\Reports\\20220721_131533\\Data-driven\\Order and check out multiple products\\20220721_131534\\execution0.log"/>
         <property name="attachments" value=""/>
         <property name="hostName" value="Nachiket Jadhav - ALM-IN-LPT-059"/>
         <property name="os" value="Windows 10 64bit"/>
         <property name="katalonVersion" value="8.3.5.208"/>
         <property name="browser" value="Chrome 103.0.5060.114"/>
         <property name="hostAddress" value="192.168.1.103"/>
         <property name="sessionId" value="2802d0c3116f13debe342ebf8488a855"/>
         <property name="seleniumVersion" value="3.141.59"/>
         <property name="proxyInformation" value="ProxyInformation { proxyOption=NO_PROXY, proxyServerType=HTTP, username=, password=********, proxyServerAddress=, proxyServerPort=0, executionList=&quot;&quot;, isApplyToDesiredCapabilities=true }"/>
         <property name="platform" value="Windows 10"/>
      </properties>
      <testcase name="Test Cases/Data-driven samples/Order and check out multiple products" time="104.832" classname="Test Cases/Data-driven samples/Order and check out multiple products" status="PASSED">
         <system-out><![CDATA[2022-07-21 13:15:47 - [TEST_CASE][PASSED] - Test Cases/Data-driven samples/Order and check out multiple products: Test Cases/Data-driven samples/Order and check out multiple products

2022-07-21 13:15:47 - [TEST_STEP][PASSED] - sample.Login.loginIntoApplicationWithGlobalVariable(): sample.Login.loginIntoApplicationWithGlobalVariable is PASSED

2022-07-21 13:15:48 - [MESSAGE][INFO] - Starting 'Chrome' driver

2022-07-21 13:15:48 - [MESSAGE][INFO] - Action delay is set to 0 milliseconds

2022-07-21 13:15:55 - [MESSAGE][PASSED] - Browser is opened with url: 'http://cms.demo.katalon.com/my-account'

2022-07-21 13:15:55 - [MESSAGE][PASSED] - Wait for page load successfully

2022-07-21 13:15:55 - [MESSAGE][PASSED] - Current window maximized

2022-07-21 13:15:56 - [MESSAGE][PASSED] - Object 'Object Repository/Pages/MyAccount page/nav_HomeMyaccount' is visible

2022-07-21 13:15:56 - [MESSAGE][PASSED] - Keys 'customer' sent to object: 'Object Repository/Pages/MyAccount page/txtUsername'

2022-07-21 13:15:57 - [MESSAGE][PASSED] - Keys 'crz7mrb.KNG3yxv1fbn' sent to object: 'Object Repository/Pages/MyAccount page/txtPassword'

2022-07-21 13:16:00 - [MESSAGE][PASSED] - Object: 'Object Repository/Pages/MyAccount page/btnLogin' is clicked on

2022-07-21 13:16:01 - [MESSAGE][PASSED] - Delayed 1 second(s)

2022-07-21 13:16:01 - [MESSAGE][PASSED] - sample.Login.loginIntoApplicationWithGlobalVariable is PASSED

2022-07-21 13:16:01 - [TEST_STEP][PASSED] - waitForElementPresent(findTestObject("Pages/Shop page/lnkShop"), waitPresentTimeout): Object 'Object Repository/Pages/Shop page/lnkShop' is present

2022-07-21 13:16:01 - [MESSAGE][PASSED] - Object 'Object Repository/Pages/Shop page/lnkShop' is present

2022-07-21 13:16:01 - [TEST_STEP][PASSED] - click(findTestObject("Pages/Shop page/lnkShop")): Object: 'Object Repository/Pages/Shop page/lnkShop' is clicked on

2022-07-21 13:16:04 - [MESSAGE][PASSED] - Object: 'Object Repository/Pages/Shop page/lnkShop' is clicked on

2022-07-21 13:16:04 - [TEST_STEP][PASSED] - product = findTestData(dataFile): null

2022-07-21 13:16:05 - [TEST_STEP][PASSED] - productList =  }).collect(Collectors.toList()): null

2022-07-21 13:16:05 - [TEST_STEP][PASSED] - for (def productName : productList): sample.Shop.addToCart is PASSED

2022-07-21 13:16:05 - [TEST_STEP][PASSED] - sample.Shop.addToCart(productName.toString(), urlProduct): sample.Shop.addToCart is PASSED

2022-07-21 13:16:09 - [MESSAGE][PASSED] - Navigate to 'http://cms.demo.katalon.com/product/flying-ninja' successfully

2022-07-21 13:16:09 - [MESSAGE][PASSED] - Object 'Object Repository/Pages/Shop page/btnAddToCart' is present

2022-07-21 13:16:13 - [MESSAGE][PASSED] - Object: 'Object Repository/Pages/Shop page/btnAddToCart' is clicked on

2022-07-21 13:16:14 - [MESSAGE][PASSED] - Object 'Object Repository/Pages/Shop page/lnkViewCart' is present

2022-07-21 13:16:17 - [MESSAGE][PASSED] - Object: 'Object Repository/Pages/Shop page/lnkViewCart' is clicked on

2022-07-21 13:16:17 - [MESSAGE][PASSED] - Object 'Object Repository/Pages/Shop page/btnProceed' is present

2022-07-21 13:16:17 - [MESSAGE][PASSED] - sample.Shop.addToCart is PASSED

2022-07-21 13:16:17 - [TEST_STEP][PASSED] - sample.Shop.addToCart(productName.toString(), urlProduct): sample.Shop.addToCart is PASSED

2022-07-21 13:16:21 - [MESSAGE][PASSED] - Navigate to 'http://cms.demo.katalon.com/product/happy-ninja' successfully

2022-07-21 13:16:22 - [MESSAGE][PASSED] - Object 'Object Repository/Pages/Shop page/btnAddToCart' is present

2022-07-21 13:16:24 - [MESSAGE][PASSED] - Object: 'Object Repository/Pages/Shop page/btnAddToCart' is clicked on

2022-07-21 13:16:25 - [MESSAGE][PASSED] - Object 'Object Repository/Pages/Shop page/lnkViewCart' is present

2022-07-21 13:16:28 - [MESSAGE][PASSED] - Object: 'Object Repository/Pages/Shop page/lnkViewCart' is clicked on

2022-07-21 13:16:29 - [MESSAGE][PASSED] - Object 'Object Repository/Pages/Shop page/btnProceed' is present

2022-07-21 13:16:29 - [MESSAGE][PASSED] - sample.Shop.addToCart is PASSED

2022-07-21 13:16:29 - [TEST_STEP][PASSED] - sample.Shop.addToCart(productName.toString(), urlProduct): sample.Shop.addToCart is PASSED

2022-07-21 13:16:32 - [MESSAGE][PASSED] - Navigate to 'http://cms.demo.katalon.com/product/woo-logo' successfully

2022-07-21 13:16:33 - [MESSAGE][PASSED] - Object 'Object Repository/Pages/Shop page/btnAddToCart' is present

2022-07-21 13:16:35 - [MESSAGE][PASSED] - Object: 'Object Repository/Pages/Shop page/btnAddToCart' is clicked on

2022-07-21 13:16:35 - [MESSAGE][PASSED] - Object 'Object Repository/Pages/Shop page/lnkViewCart' is present

2022-07-21 13:16:38 - [MESSAGE][PASSED] - Object: 'Object Repository/Pages/Shop page/lnkViewCart' is clicked on

2022-07-21 13:16:38 - [MESSAGE][PASSED] - Object 'Object Repository/Pages/Shop page/btnProceed' is present

2022-07-21 13:16:38 - [MESSAGE][PASSED] - sample.Shop.addToCart is PASSED

2022-07-21 13:16:38 - [TEST_STEP][PASSED] - sample.Shop.addToCart(productName.toString(), urlProduct): sample.Shop.addToCart is PASSED

2022-07-21 13:16:47 - [MESSAGE][PASSED] - Navigate to 'http://cms.demo.katalon.com/product/patient-ninja' successfully

2022-07-21 13:16:47 - [MESSAGE][PASSED] - Object 'Object Repository/Pages/Shop page/btnAddToCart' is present

2022-07-21 13:16:50 - [MESSAGE][PASSED] - Object: 'Object Repository/Pages/Shop page/btnAddToCart' is clicked on

2022-07-21 13:16:50 - [MESSAGE][PASSED] - Object 'Object Repository/Pages/Shop page/lnkViewCart' is present

2022-07-21 13:16:53 - [MESSAGE][PASSED] - Object: 'Object Repository/Pages/Shop page/lnkViewCart' is clicked on

2022-07-21 13:16:53 - [MESSAGE][PASSED] - Object 'Object Repository/Pages/Shop page/btnProceed' is present

2022-07-21 13:16:53 - [MESSAGE][PASSED] - sample.Shop.addToCart is PASSED

2022-07-21 13:16:53 - [TEST_STEP][PASSED] - sample.Checkout.CheckoutShopWithGlobalVariable(): sample.Checkout.CheckoutShopWithGlobalVariable is PASSED

2022-07-21 13:16:55 - [MESSAGE][PASSED] - Object: 'Object Repository/Pages/Checkout page/lnkCheckout' is clicked on

2022-07-21 13:16:56 - [MESSAGE][PASSED] - Object 'Object Repository/Pages/Checkout page/txtFirstname' is visible

2022-07-21 13:16:57 - [MESSAGE][PASSED] - Text 'katalon' is set on object 'Object Repository/Pages/Checkout page/txtFirstname'

2022-07-21 13:16:58 - [MESSAGE][PASSED] - Text 'customer' is set on object 'Object Repository/Pages/Checkout page/txtLastname'

2022-07-21 13:16:59 - [MESSAGE][PASSED] - Object 'Object Repository/Pages/Checkout page/inputCompanyName' is visible

2022-07-21 13:16:59 - [MESSAGE][PASSED] - Text 'KMS' is set on object 'Object Repository/Pages/Checkout page/inputCompanyName'

2022-07-21 13:17:04 - [MESSAGE][INFO] - The list of options is: [SELECT A COUNTRY…, ÅLAND ISLANDS, AFGHANISTAN, ALBANIA, ALGERIA, AMERICAN SAMOA, ANDORRA, ANGOLA, ANGUILLA, ANTARCTICA, ANTIGUA AND BARBUDA, ARGENTINA, ARMENIA, ARUBA, AUSTRALIA, AUSTRIA, AZERBAIJAN, BAHAMAS, BAHRAIN, BANGLADESH, BARBADOS, BELARUS, BELAU, BELGIUM, BELIZE, BENIN, BERMUDA, BHUTAN, BOLIVIA, BONAIRE, SAINT EUSTATIUS AND SABA, BOSNIA AND HERZEGOVINA, BOTSWANA, BOUVET ISLAND, BRAZIL, BRITISH INDIAN OCEAN TERRITORY, BRUNEI, BULGARIA, BURKINA FASO, BURUNDI, CAMBODIA, CAMEROON, CANADA, CAPE VERDE, CAYMAN ISLANDS, CENTRAL AFRICAN REPUBLIC, CHAD, CHILE, CHINA, CHRISTMAS ISLAND, COCOS (KEELING) ISLANDS, COLOMBIA, COMOROS, CONGO (BRAZZAVILLE), CONGO (KINSHASA), COOK ISLANDS, COSTA RICA, CROATIA, CUBA, CURAÇAO, CYPRUS, CZECH REPUBLIC, DENMARK, DJIBOUTI, DOMINICA, DOMINICAN REPUBLIC, ECUADOR, EGYPT, EL SALVADOR, EQUATORIAL GUINEA, ERITREA, ESTONIA, ETHIOPIA, FALKLAND ISLANDS, FAROE ISLANDS, FIJI, FINLAND, FRANCE, FRENCH GUIANA, FRENCH POLYNESIA, FRENCH SOUTHERN TERRITORIES, GABON, GAMBIA, GEORGIA, GERMANY, GHANA, GIBRALTAR, GREECE, GREENLAND, GRENADA, GUADELOUPE, GUAM, GUATEMALA, GUERNSEY, GUINEA, GUINEA-BISSAU, GUYANA, HAITI, HEARD ISLAND AND MCDONALD ISLANDS, HONDURAS, HONG KONG, HUNGARY, ICELAND, INDIA, INDONESIA, IRAN, IRAQ, IRELAND, ISLE OF MAN, ISRAEL, ITALY, IVORY COAST, JAMAICA, JAPAN, JERSEY, JORDAN, KAZAKHSTAN, KENYA, KIRIBATI, KUWAIT, KYRGYZSTAN, LAOS, LATVIA, LEBANON, LESOTHO, LIBERIA, LIBYA, LIECHTENSTEIN, LITHUANIA, LUXEMBOURG, MACAO S.A.R., CHINA, MADAGASCAR, MALAWI, MALAYSIA, MALDIVES, MALI, MALTA, MARSHALL ISLANDS, MARTINIQUE, MAURITANIA, MAURITIUS, MAYOTTE, MEXICO, MICRONESIA, MOLDOVA, MONACO, MONGOLIA, MONTENEGRO, MONTSERRAT, MOROCCO, MOZAMBIQUE, MYANMAR, NAMIBIA, NAURU, NEPAL, NETHERLANDS, NEW CALEDONIA, NEW ZEALAND, NICARAGUA, NIGER, NIGERIA, NIUE, NORFOLK ISLAND, NORTH KOREA, NORTH MACEDONIA, NORTHERN MARIANA ISLANDS, NORWAY, OMAN, PAKISTAN, PALESTINIAN TERRITORY, PANAMA, PAPUA NEW GUINEA, PARAGUAY, PERU, PHILIPPINES, PITCAIRN, POLAND, PORTUGAL, PUERTO RICO, QATAR, REUNION, ROMANIA, RUSSIA, RWANDA, SÃO TOMÉ AND PRÍNCIPE, SAINT BARTHÉLEMY, SAINT HELENA, SAINT KITTS AND NEVIS, SAINT LUCIA, SAINT MARTIN (DUTCH PART), SAINT MARTIN (FRENCH PART), SAINT PIERRE AND MIQUELON, SAINT VINCENT AND THE GRENADINES, SAMOA, SAN MARINO, SAUDI ARABIA, SENEGAL, SERBIA, SEYCHELLES, SIERRA LEONE, SINGAPORE, SLOVAKIA, SLOVENIA, SOLOMON ISLANDS, SOMALIA, SOUTH AFRICA, SOUTH GEORGIA/SANDWICH ISLANDS, SOUTH KOREA, SOUTH SUDAN, SPAIN, SRI LANKA, SUDAN, SURINAME, SVALBARD AND JAN MAYEN, SWAZILAND, SWEDEN, SWITZERLAND, SYRIA, TAIWAN, TAJIKISTAN, TANZANIA, THAILAND, TIMOR-LESTE, TOGO, TOKELAU, TONGA, TRINIDAD AND TOBAGO, TUNISIA, TURKEY, TURKMENISTAN, TURKS AND CAICOS ISLANDS, TUVALU, UGANDA, UKRAINE, UNITED ARAB EMIRATES, UNITED KINGDOM (UK), UNITED STATES (US), UNITED STATES (US) MINOR OUTLYING ISLANDS, URUGUAY, UZBEKISTAN, VANUATU, VATICAN, VENEZUELA, VIETNAM, VIRGIN ISLANDS (BRITISH), VIRGIN ISLANDS (US), WALLIS AND FUTUNA, WESTERN SAHARA, YEMEN, ZAMBIA, ZIMBABWE]

2022-07-21 13:17:05 - [MESSAGE][PASSED] - Attribute 'class' of object 'Object Repository/Select2/select_single' is: 'country_to_state country_select select2-hidden-accessible'

2022-07-21 13:17:05 - [MESSAGE][INFO] - The selected options list is: [Vietnam]

2022-07-21 13:17:06 - [MESSAGE][PASSED] - Text '119 Nguyen Thi Thap' is set on object 'Object Repository/Pages/Checkout page/inputAddress'

2022-07-21 13:17:09 - [MESSAGE][PASSED] - Text 'HCM' is set on object 'Object Repository/Pages/Checkout page/inputCity'

2022-07-21 13:17:11 - [MESSAGE][PASSED] - Text '70000' is set on object 'Object Repository/Pages/Checkout page/inputPostcode'

2022-07-21 13:17:13 - [MESSAGE][PASSED] - Text '0359912894' is set on object 'Object Repository/Pages/Checkout page/inputPhone'

2022-07-21 13:17:19 - [MESSAGE][INFO] - Unable to find the element located by 'By.xpath: //*[@class = 'blockUI blockOverlay']'. Please recheck the objects properties to make sure the desired element is located. 

2022-07-21 13:17:19 - [MESSAGE][WARNING] - [SELF-HEALING] Failed to find element with id 'Object Repository/Pages/Checkout page/blockUI'. Try using Self-healing.

2022-07-21 13:17:19 - [MESSAGE][WARNING] - [SELF-HEALING] Cannot find elements when the XPath is null.

2022-07-21 13:17:19 - [MESSAGE][WARNING] - [SELF-HEALING] Cannot find elements when the selector is null

2022-07-21 13:17:19 - [MESSAGE][WARNING] - Object 'Object Repository/Pages/Checkout page/blockUI' is not present after 5 second(s)

2022-07-21 13:17:19 - [MESSAGE][PASSED] - Web element with id: 'Object Repository/Pages/Checkout page/blockUI' located by 'By.xpath: //*[@class = 'blockUI blockOverlay']' is not present after '60' second(s)

2022-07-21 13:17:19 - [MESSAGE][PASSED] - Object: 'Object Repository/Pages/Checkout page/btnPlaceOrder' is clicked on

2022-07-21 13:17:31 - [MESSAGE][INFO] - Unable to find the element located by 'By.xpath: //*[@class = 'blockUI blockOverlay']'. Please recheck the objects properties to make sure the desired element is located. 

2022-07-21 13:17:31 - [MESSAGE][WARNING] - [SELF-HEALING] Failed to find element with id 'Object Repository/Pages/Checkout page/blockUI'. Try using Self-healing.

2022-07-21 13:17:31 - [MESSAGE][WARNING] - [SELF-HEALING] Cannot find elements when the XPath is null.

2022-07-21 13:17:31 - [MESSAGE][WARNING] - [SELF-HEALING] Cannot find elements when the selector is null

2022-07-21 13:17:31 - [MESSAGE][WARNING] - Object 'Object Repository/Pages/Checkout page/blockUI' is not present after 5 second(s)

2022-07-21 13:17:31 - [MESSAGE][PASSED] - Web element with id: 'Object Repository/Pages/Checkout page/blockUI' located by 'By.xpath: //*[@class = 'blockUI blockOverlay']' is not present after '60' second(s)

2022-07-21 13:17:31 - [MESSAGE][PASSED] - sample.Checkout.CheckoutShopWithGlobalVariable is PASSED

2022-07-21 13:17:31 - [TEST_STEP][PASSED] - closeBrowser(): Browser is closed

2022-07-21 13:17:32 - [MESSAGE][PASSED] - Browser is closed]]></system-out>
         <system-err><![CDATA[]]></system-err>
      </testcase>
      <system-out><![CDATA[2022-07-21 13:15:46 - [TEST_SUITE][PASSED] - Order and check out multiple products: Test Cases/Data-driven samples/Order and check out multiple products]]></system-out>
      <system-err><![CDATA[]]></system-err>
   </testsuite>
</testsuites>
