<?xml version="1.0" encoding="UTF-8"?>
<testsuites name="New Test Suite Collection" time="0.0" tests="0" failures="0" errors="0"/>
